# JRE version: Java(TM) SE Runtime Environment (8.0_121-b13) (build 1.8.0_121-b13)
# Java VM: Java HotSpot(TM) 64-Bit Server VM (25.121-b13 mixed mode linux-amd64 compressed oops)
Heap:
 PSYoungGen      total 132096K, used 5088K [0x00000000d7300000, 0x00000000df900000, 0x0000000100000000)
  eden space 126976K, 0% used [0x00000000d7300000,0x00000000d7300000,0x00000000def00000)
  from space 5120K, 99% used [0x00000000def00000,0x00000000df3f83b0,0x00000000df400000)
  to   space 5120K, 0% used [0x00000000df400000,0x00000000df400000,0x00000000df900000)
 ParOldGen       total 84992K, used 15630K [0x0000000085800000, 0x000000008ab00000, 0x00000000d7300000)
  object space 84992K, 18% used [0x0000000085800000,0x0000000086743be8,0x000000008ab00000)
 Metaspace       used 20597K, capacity 21192K, committed 21296K, reserved 1069056K
  class space    used 2466K, capacity 2672K, committed 2688K, reserved 1048576K
GC Heap History (9 events):
Event: 1.656 GC heap before
{Heap before GC invocations=1 (full 0):
 PSYoungGen      total 36864K, used 31744K [0x00000000d7300000, 0x00000000d9c00000, 0x0000000100000000)
  eden space 31744K, 100% used [0x00000000d7300000,0x00000000d9200000,0x00000000d9200000)
  from space 5120K, 0% used [0x00000000d9700000,0x00000000d9700000,0x00000000d9c00000)
  to   space 5120K, 0% used [0x00000000d9200000,0x00000000d9200000,0x00000000d9700000)
 ParOldGen       total 84992K, used 0K [0x0000000085800000, 0x000000008ab00000, 0x00000000d7300000)
  object space 84992K, 0% used [0x0000000085800000,0x0000000085800000,0x000000008ab00000)
 Metaspace       used 7463K, capacity 7586K, committed 7680K, reserved 1056768K
  class space    used 938K, capacity 1017K, committed 1024K, reserved 1048576K
Event: 1.684 GC heap after
Heap after GC invocations=1 (full 0):
 PSYoungGen      total 36864K, used 4221K [0x00000000d7300000, 0x00000000dbb00000, 0x0000000100000000)
  eden space 31744K, 0% used [0x00000000d7300000,0x00000000d7300000,0x00000000d9200000)
  from space 5120K, 82% used [0x00000000d9200000,0x00000000d961f4c8,0x00000000d9700000)
  to   space 5120K, 0% used [0x00000000db600000,0x00000000db600000,0x00000000dbb00000)
 ParOldGen       total 84992K, used 8K [0x0000000085800000, 0x000000008ab00000, 0x00000000d7300000)
  object space 84992K, 0% used [0x0000000085800000,0x0000000085802000,0x000000008ab00000)
 Metaspace       used 7463K, capacity 7586K, committed 7680K, reserved 1056768K
  class space    used 938K, capacity 1017K, committed 1024K, reserved 1048576K
}
Event: 2.781 GC heap before
{Heap before GC invocations=2 (full 0):
 PSYoungGen      total 36864K, used 35965K [0x00000000d7300000, 0x00000000dbb00000, 0x0000000100000000)
  eden space 31744K, 100% used [0x00000000d7300000,0x00000000d9200000,0x00000000d9200000)
  from space 5120K, 82% used [0x00000000d9200000,0x00000000d961f4c8,0x00000000d9700000)
  to   space 5120K, 0% used [0x00000000db600000,0x00000000db600000,0x00000000dbb00000)
 ParOldGen       total 84992K, used 8K [0x0000000085800000, 0x000000008ab00000, 0x00000000d7300000)
  object space 84992K, 0% used [0x0000000085800000,0x0000000085802000,0x000000008ab00000)
 Metaspace       used 12398K, capacity 12704K, committed 12928K, reserved 1060864K
  class space    used 1533K, capacity 1651K, committed 1664K, reserved 1048576K
Event: 2.799 GC heap after
Heap after GC invocations=2 (full 0):
 PSYoungGen      total 68608K, used 5110K [0x00000000d7300000, 0x00000000dbb00000, 0x0000000100000000)
  eden space 63488K, 0% used [0x00000000d7300000,0x00000000d7300000,0x00000000db100000)
  from space 5120K, 99% used [0x00000000db600000,0x00000000dbafd948,0x00000000dbb00000)
  to   space 5120K, 0% used [0x00000000db100000,0x00000000db100000,0x00000000db600000)
 ParOldGen       total 84992K, used 1239K [0x0000000085800000, 0x000000008ab00000, 0x00000000d7300000)
  object space 84992K, 1% used [0x0000000085800000,0x0000000085935e48,0x000000008ab00000)
 Metaspace       used 12398K, capacity 12704K, committed 12928K, reserved 1060864K
  class space    used 1533K, capacity 1651K, committed 1664K, reserved 1048576K
}
Event: 5.089 GC heap before
{Heap before GC invocations=3 (full 0):
 PSYoungGen      total 68608K, used 68598K [0x00000000d7300000, 0x00000000dbb00000, 0x0000000100000000)
  eden space 63488K, 100% used [0x00000000d7300000,0x00000000db100000,0x00000000db100000)
  from space 5120K, 99% used [0x00000000db600000,0x00000000dbafd948,0x00000000dbb00000)
  to   space 5120K, 0% used [0x00000000db100000,0x00000000db100000,0x00000000db600000)
 ParOldGen       total 84992K, used 1239K [0x0000000085800000, 0x000000008ab00000, 0x00000000d7300000)
  object space 84992K, 1% used [0x0000000085800000,0x0000000085935e48,0x000000008ab00000)
 Metaspace       used 14383K, capacity 14802K, committed 14976K, reserved 1062912K
  class space    used 1740K, capacity 1879K, committed 1920K, reserved 1048576K
Event: 5.127 GC heap after
Heap after GC invocations=3 (full 0):
 PSYoungGen      total 68608K, used 5120K [0x00000000d7300000, 0x00000000df900000, 0x0000000100000000)
  eden space 63488K, 0% used [0x00000000d7300000,0x00000000d7300000,0x00000000db100000)
  from space 5120K, 100% used [0x00000000db100000,0x00000000db600000,0x00000000db600000)
  to   space 5120K, 0% used [0x00000000df400000,0x00000000df400000,0x00000000df900000)
 ParOldGen       total 84992K, used 3929K [0x0000000085800000, 0x000000008ab00000, 0x00000000d7300000)
  object space 84992K, 4% used [0x0000000085800000,0x0000000085bd66a8,0x000000008ab00000)
 Metaspace       used 14383K, capacity 14802K, committed 14976K, reserved 1062912K
  class space    used 1740K, capacity 1879K, committed 1920K, reserved 1048576K
}
Event: 7.205 GC heap before
{Heap before GC invocations=4 (full 0):
 PSYoungGen      total 68608K, used 68608K [0x00000000d7300000, 0x00000000df900000, 0x0000000100000000)
  eden space 63488K, 100% used [0x00000000d7300000,0x00000000db100000,0x00000000db100000)
  from space 5120K, 100% used [0x00000000db100000,0x00000000db600000,0x00000000db600000)
  to   space 5120K, 0% used [0x00000000df400000,0x00000000df400000,0x00000000df900000)
 ParOldGen       total 84992K, used 3929K [0x0000000085800000, 0x000000008ab00000, 0x00000000d7300000)
  object space 84992K, 4% used [0x0000000085800000,0x0000000085bd66a8,0x000000008ab00000)
 Metaspace       used 19520K, capacity 20086K, committed 20224K, reserved 1067008K
  class space    used 2353K, capacity 2535K, committed 2560K, reserved 1048576K
Event: 7.265 GC heap after
Heap after GC invocations=4 (full 0):
 PSYoungGen      total 132096K, used 5104K [0x00000000d7300000, 0x00000000df900000, 0x0000000100000000)
  eden space 126976K, 0% used [0x00000000d7300000,0x00000000d7300000,0x00000000def00000)
  from space 5120K, 99% used [0x00000000df400000,0x00000000df8fc010,0x00000000df900000)
  to   space 5120K, 0% used [0x00000000def00000,0x00000000def00000,0x00000000df400000)
 ParOldGen       total 84992K, used 15070K [0x0000000085800000, 0x000000008ab00000, 0x00000000d7300000)
  object space 84992K, 17% used [0x0000000085800000,0x00000000866b7900,0x000000008ab00000)
 Metaspace       used 19520K, capacity 20086K, committed 20224K, reserved 1067008K
  class space    used 2353K, capacity 2535K, committed 2560K, reserved 1048576K
}
Event: 7.960 GC heap before
{Heap before GC invocations=5 (full 0):
 PSYoungGen      total 132096K, used 18022K [0x00000000d7300000, 0x00000000df900000, 0x0000000100000000)
  eden space 126976K, 10% used [0x00000000d7300000,0x00000000d7f9d9f0,0x00000000def00000)
  from space 5120K, 99% used [0x00000000df400000,0x00000000df8fc010,0x00000000df900000)
  to   space 5120K, 0% used [0x00000000def00000,0x00000000def00000,0x00000000df400000)
 ParOldGen       total 84992K, used 15070K [0x0000000085800000, 0x000000008ab00000, 0x00000000d7300000)
  object space 84992K, 17% used [0x0000000085800000,0x00000000866b7900,0x000000008ab00000)
 Metaspace       used 20597K, capacity 21192K, committed 21296K, reserved 1069056K
  class space    used 2466K, capacity 2672K, committed 2688K, reserved 1048576K

